<?xml version="1.0" encoding="UTF-8"?>
<testng-results skipped="0" failed="1" total="4" passed="3">
  <reporter-output>
    <line>
      <![CDATA[Logged-in Successfully!]]>
    </line>
    <line>
      <![CDATA[Logged-in Successfully!]]>
    </line>
  </reporter-output>
  <suite name="LegionTest" duration-ms="251485" started-at="2018-09-14T15:08:58Z" finished-at="2018-09-14T15:13:10Z">
    <groups>
    </groups>
    <test name="Sales Projected Sales" duration-ms="73385" started-at="2018-09-14T15:08:58Z" finished-at="2018-09-14T15:10:12Z">
      <class name="com.legion.tests.core.ScheduleProjectedSalesTest">
        <test-method status="PASS" signature="openBrowser(java.lang.reflect.Method, java.lang.String, java.lang.String, java.lang.String)[pri:0, instance:com.legion.tests.core.ScheduleProjectedSalesTest@3835c46]" name="openBrowser" is-config="true" duration-ms="4451" started-at="2018-09-14T20:38:58Z" finished-at="2018-09-14T20:39:03Z">
          <params>
            <param index="0">
              <value>
                <![CDATA[public void com.legion.tests.core.ScheduleProjectedSalesTest.projectedSalesForecastDataAsStoreManagerTest(java.lang.String,java.lang.String,java.lang.String,java.lang.String) throws java.lang.Exception]]>
              </value>
            </param>
            <param index="1">
              <value>
                <![CDATA[Chrome]]>
              </value>
            </param>
            <param index="2">
              <value>
                <![CDATA[LegionCoffee]]>
              </value>
            </param>
            <param index="3">
              <value>
                <![CDATA[DEV]]>
              </value>
            </param>
          </params>
          <reporter-output>
          </reporter-output>
        </test-method> <!-- openBrowser -->
        <test-method status="PASS" signature="projectedSalesForecastDataAsStoreManagerTest(java.lang.String, java.lang.String, java.lang.String, java.lang.String)[pri:0, instance:com.legion.tests.core.ScheduleProjectedSalesTest@3835c46]" name="projectedSalesForecastDataAsStoreManagerTest" duration-ms="68597" started-at="2018-09-14T20:39:03Z" data-provider="browsers" finished-at="2018-09-14T20:40:11Z">
          <params>
            <param index="0">
              <value>
                <![CDATA[chrome]]>
              </value>
            </param>
            <param index="1">
              <value>
                <![CDATA[67.0.3396.99]]>
              </value>
            </param>
            <param index="2">
              <value>
                <![CDATA[LINUX]]>
              </value>
            </param>
            <param index="3">
              <value>
                <![CDATA[platform]]>
              </value>
            </param>
          </params>
          <reporter-output>
            <line>
              <![CDATA[Logged-in Successfully!]]>
            </line>
          </reporter-output>
        </test-method> <!-- projectedSalesForecastDataAsStoreManagerTest -->
        <test-method status="PASS" signature="closeBrowser(java.lang.reflect.Method)[pri:0, instance:com.legion.tests.core.ScheduleProjectedSalesTest@3835c46]" name="closeBrowser" is-config="true" duration-ms="0" started-at="2018-09-14T20:40:12Z" finished-at="2018-09-14T20:40:12Z">
          <params>
            <param index="0">
              <value>
                <![CDATA[public void com.legion.tests.core.ScheduleProjectedSalesTest.projectedSalesForecastDataAsStoreManagerTest(java.lang.String,java.lang.String,java.lang.String,java.lang.String) throws java.lang.Exception]]>
              </value>
            </param>
          </params>
          <reporter-output>
          </reporter-output>
        </test-method> <!-- closeBrowser -->
      </class> <!-- com.legion.tests.core.ScheduleProjectedSalesTest -->
    </test> <!-- Sales Projected Sales -->
    <test name="Navigation Flow" duration-ms="66231" started-at="2018-09-14T15:10:12Z" finished-at="2018-09-14T15:11:18Z">
      <class name="com.legion.tests.core.NavigationTest">
        <test-method status="PASS" signature="openBrowser(java.lang.reflect.Method, java.lang.String, java.lang.String, java.lang.String)[pri:0, instance:com.legion.tests.core.NavigationTest@384ad17b]" name="openBrowser" is-config="true" duration-ms="3926" started-at="2018-09-14T20:40:12Z" finished-at="2018-09-14T20:40:16Z">
          <params>
            <param index="0">
              <value>
                <![CDATA[public void com.legion.tests.core.NavigationTest.legionConsoleNavigationFlow(java.lang.String,java.lang.String,java.lang.String,java.lang.String) throws java.lang.Exception]]>
              </value>
            </param>
            <param index="1">
              <value>
                <![CDATA[Chrome]]>
              </value>
            </param>
            <param index="2">
              <value>
                <![CDATA[LegionCoffee]]>
              </value>
            </param>
            <param index="3">
              <value>
                <![CDATA[DEV]]>
              </value>
            </param>
          </params>
          <reporter-output>
          </reporter-output>
        </test-method> <!-- openBrowser -->
        <test-method status="PASS" signature="legionConsoleNavigationFlow(java.lang.String, java.lang.String, java.lang.String, java.lang.String)[pri:0, instance:com.legion.tests.core.NavigationTest@384ad17b]" name="legionConsoleNavigationFlow" duration-ms="61933" started-at="2018-09-14T20:40:16Z" data-provider="browsers" finished-at="2018-09-14T20:41:18Z">
          <params>
            <param index="0">
              <value>
                <![CDATA[chrome]]>
              </value>
            </param>
            <param index="1">
              <value>
                <![CDATA[67.0.3396.99]]>
              </value>
            </param>
            <param index="2">
              <value>
                <![CDATA[LINUX]]>
              </value>
            </param>
            <param index="3">
              <value>
                <![CDATA[platform]]>
              </value>
            </param>
          </params>
          <reporter-output>
            <line>
              <![CDATA[Logged-in Successfully!]]>
            </line>
          </reporter-output>
        </test-method> <!-- legionConsoleNavigationFlow -->
        <test-method status="PASS" signature="closeBrowser(java.lang.reflect.Method)[pri:0, instance:com.legion.tests.core.NavigationTest@384ad17b]" name="closeBrowser" is-config="true" duration-ms="0" started-at="2018-09-14T20:41:18Z" finished-at="2018-09-14T20:41:18Z">
          <params>
            <param index="0">
              <value>
                <![CDATA[public void com.legion.tests.core.NavigationTest.legionConsoleNavigationFlow(java.lang.String,java.lang.String,java.lang.String,java.lang.String) throws java.lang.Exception]]>
              </value>
            </param>
          </params>
          <reporter-output>
          </reporter-output>
        </test-method> <!-- closeBrowser -->
      </class> <!-- com.legion.tests.core.NavigationTest -->
    </test> <!-- Navigation Flow -->
    <test name="Schedule Test" duration-ms="40992" started-at="2018-09-14T15:11:18Z" finished-at="2018-09-14T15:11:59Z">
      <class name="com.legion.tests.core.ScheduleTest">
        <test-method status="PASS" signature="openBrowser(java.lang.reflect.Method, java.lang.String, java.lang.String, java.lang.String)[pri:0, instance:com.legion.tests.core.ScheduleTest@14dd9eb7]" name="openBrowser" is-config="true" duration-ms="3283" started-at="2018-09-14T20:41:18Z" finished-at="2018-09-14T20:41:22Z">
          <params>
            <param index="0">
              <value>
                <![CDATA[public void com.legion.tests.core.ScheduleTest.shouldEditPublishedSchedule(java.lang.String,java.lang.String,java.lang.String,java.lang.String) throws java.lang.Exception]]>
              </value>
            </param>
            <param index="1">
              <value>
                <![CDATA[Chrome]]>
              </value>
            </param>
            <param index="2">
              <value>
                <![CDATA[LegionCoffee]]>
              </value>
            </param>
            <param index="3">
              <value>
                <![CDATA[DEV]]>
              </value>
            </param>
          </params>
          <reporter-output>
          </reporter-output>
        </test-method> <!-- openBrowser -->
        <test-method status="PASS" signature="shouldEditPublishedSchedule(java.lang.String, java.lang.String, java.lang.String, java.lang.String)[pri:0, instance:com.legion.tests.core.ScheduleTest@14dd9eb7]" name="shouldEditPublishedSchedule" duration-ms="37376" started-at="2018-09-14T20:41:22Z" data-provider="browsers" finished-at="2018-09-14T20:41:59Z">
          <params>
            <param index="0">
              <value>
                <![CDATA[chrome]]>
              </value>
            </param>
            <param index="1">
              <value>
                <![CDATA[67.0.3396.99]]>
              </value>
            </param>
            <param index="2">
              <value>
                <![CDATA[LINUX]]>
              </value>
            </param>
            <param index="3">
              <value>
                <![CDATA[platform]]>
              </value>
            </param>
          </params>
          <reporter-output>
          </reporter-output>
        </test-method> <!-- shouldEditPublishedSchedule -->
        <test-method status="PASS" signature="closeBrowser(java.lang.reflect.Method)[pri:0, instance:com.legion.tests.core.ScheduleTest@14dd9eb7]" name="closeBrowser" is-config="true" duration-ms="0" started-at="2018-09-14T20:41:59Z" finished-at="2018-09-14T20:41:59Z">
          <params>
            <param index="0">
              <value>
                <![CDATA[public void com.legion.tests.core.ScheduleTest.shouldEditPublishedSchedule(java.lang.String,java.lang.String,java.lang.String,java.lang.String) throws java.lang.Exception]]>
              </value>
            </param>
          </params>
          <reporter-output>
          </reporter-output>
        </test-method> <!-- closeBrowser -->
      </class> <!-- com.legion.tests.core.ScheduleTest -->
    </test> <!-- Schedule Test -->
    <test name="Analytics Test" duration-ms="70376" started-at="2018-09-14T15:11:59Z" finished-at="2018-09-14T15:13:10Z">
      <class name="com.legion.tests.core.AnalyticsTest">
        <test-method status="PASS" signature="openBrowser(java.lang.reflect.Method, java.lang.String, java.lang.String, java.lang.String)[pri:0, instance:com.legion.tests.core.AnalyticsTest@5fdcaa40]" name="openBrowser" is-config="true" duration-ms="6547" started-at="2018-09-14T20:41:59Z" finished-at="2018-09-14T20:42:06Z">
          <params>
            <param index="0">
              <value>
                <![CDATA[public void com.legion.tests.core.AnalyticsTest.gotoAnalyticsPageTest(java.lang.String,java.lang.String,java.lang.String,java.lang.String) throws java.lang.Exception]]>
              </value>
            </param>
            <param index="1">
              <value>
                <![CDATA[Chrome]]>
              </value>
            </param>
            <param index="2">
              <value>
                <![CDATA[LegionCoffee]]>
              </value>
            </param>
            <param index="3">
              <value>
                <![CDATA[DEV]]>
              </value>
            </param>
          </params>
          <reporter-output>
          </reporter-output>
        </test-method> <!-- openBrowser -->
        <test-method status="FAIL" signature="gotoAnalyticsPageTest(java.lang.String, java.lang.String, java.lang.String, java.lang.String)[pri:0, instance:com.legion.tests.core.AnalyticsTest@5fdcaa40]" name="gotoAnalyticsPageTest" duration-ms="63345" started-at="2018-09-14T20:42:06Z" data-provider="browsers" finished-at="2018-09-14T20:43:09Z">
          <params>
            <param index="0">
              <value>
                <![CDATA[chrome]]>
              </value>
            </param>
            <param index="1">
              <value>
                <![CDATA[67.0.3396.99]]>
              </value>
            </param>
            <param index="2">
              <value>
                <![CDATA[LINUX]]>
              </value>
            </param>
            <param index="3">
              <value>
                <![CDATA[platform]]>
              </value>
            </param>
          </params>
          <exception class="java.lang.AssertionError">
            <message>
              <![CDATA[Analytics Team Member Satisfaction Section not Loaded Successfully!]]>
            </message>
            <full-stacktrace>
              <![CDATA[java.lang.AssertionError: Analytics Team Member Satisfaction Section not Loaded Successfully!
	at com.legion.pages.BasePage.fail(BasePage.java:190)
	at com.legion.pages.core.ConsoleAnalyticsPage.getTeamMemberSatisfaction(ConsoleAnalyticsPage.java:170)
	at com.legion.pages.core.ConsoleAnalyticsPage.gotoAnalyticsPage(ConsoleAnalyticsPage.java:89)
	at com.legion.tests.core.AnalyticsTest.gotoAnalyticsPageTest(AnalyticsTest.java:29)
	at sun.reflect.NativeMethodAccessorImpl.invoke0(Native Method)
	at sun.reflect.NativeMethodAccessorImpl.invoke(NativeMethodAccessorImpl.java:62)
	at sun.reflect.DelegatingMethodAccessorImpl.invoke(DelegatingMethodAccessorImpl.java:43)
	at java.lang.reflect.Method.invoke(Method.java:498)
	at org.testng.internal.MethodInvocationHelper.invokeMethod(MethodInvocationHelper.java:86)
	at org.testng.internal.Invoker.invokeMethod(Invoker.java:643)
	at org.testng.internal.Invoker.invokeTestMethod(Invoker.java:820)
	at org.testng.internal.TestMethodWithDataProviderMethodWorker.call(TestMethodWithDataProviderMethodWorker.java:75)
	at org.testng.internal.TestMethodWithDataProviderMethodWorker.call(TestMethodWithDataProviderMethodWorker.java:14)
	at java.util.concurrent.FutureTask.run(FutureTask.java:266)
	at java.util.concurrent.Executors$RunnableAdapter.call(Executors.java:511)
	at java.util.concurrent.FutureTask.run(FutureTask.java:266)
	at java.util.concurrent.ThreadPoolExecutor.runWorker(ThreadPoolExecutor.java:1149)
	at java.util.concurrent.ThreadPoolExecutor$Worker.run(ThreadPoolExecutor.java:624)
	at java.lang.Thread.run(Thread.java:748)
]]>
            </full-stacktrace>
          </exception> <!-- java.lang.AssertionError -->
          <reporter-output>
          </reporter-output>
        </test-method> <!-- gotoAnalyticsPageTest -->
        <test-method status="PASS" signature="closeBrowser(java.lang.reflect.Method)[pri:0, instance:com.legion.tests.core.AnalyticsTest@5fdcaa40]" name="closeBrowser" is-config="true" duration-ms="0" started-at="2018-09-14T20:43:10Z" finished-at="2018-09-14T20:43:10Z">
          <params>
            <param index="0">
              <value>
                <![CDATA[public void com.legion.tests.core.AnalyticsTest.gotoAnalyticsPageTest(java.lang.String,java.lang.String,java.lang.String,java.lang.String) throws java.lang.Exception]]>
              </value>
            </param>
          </params>
          <reporter-output>
          </reporter-output>
        </test-method> <!-- closeBrowser -->
      </class> <!-- com.legion.tests.core.AnalyticsTest -->
    </test> <!-- Analytics Test -->
  </suite> <!-- LegionTest -->
</testng-results>
