-------------------------------------------------------------------------------
Test set: TestSuite
-------------------------------------------------------------------------------
Tests run: 4, Failures: 1, Errors: 0, Skipped: 0, Time elapsed: 252.368 sec <<< FAILURE! - in TestSuite
gotoAnalyticsPageTest(com.legion.tests.core.AnalyticsTest)  Time elapsed: 63.398 sec  <<< FAILURE!
java.lang.AssertionError: Analytics Team Member Satisfaction Section not Loaded Successfully!
	at com.legion.tests.core.AnalyticsTest.gotoAnalyticsPageTest(AnalyticsTest.java:29)

