<?xml version="1.0" encoding="UTF-8"?>
<testng-results skipped="0" failed="0" total="1" passed="1">
  <reporter-output>
    <line>
      <![CDATA[Logged-in Successfully!]]>
    </line>
  </reporter-output>
  <suite name="LegionTest" duration-ms="68695" started-at="2018-09-14T15:01:21Z" finished-at="2018-09-14T15:02:29Z">
    <groups>
    </groups>
    <test name="LegionSampleTest" duration-ms="68695" started-at="2018-09-14T15:01:21Z" finished-at="2018-09-14T15:02:29Z">
      <class name="com.legion.tests.core.ScheduleProjectedSalesTest">
        <test-method status="PASS" signature="openBrowser(java.lang.reflect.Method, java.lang.String, java.lang.String, java.lang.String)[pri:0, instance:com.legion.tests.core.ScheduleProjectedSalesTest@5c6648b0]" name="openBrowser" is-config="true" duration-ms="3756" started-at="2018-09-14T20:31:21Z" finished-at="2018-09-14T20:31:24Z">
          <params>
            <param index="0">
              <value>
                <![CDATA[public void com.legion.tests.core.ScheduleProjectedSalesTest.projectedSalesForecastDataAsStoreManagerTest(java.lang.String,java.lang.String,java.lang.String,java.lang.String) throws java.lang.Exception]]>
              </value>
            </param>
            <param index="1">
              <value>
                <![CDATA[Chrome]]>
              </value>
            </param>
            <param index="2">
              <value>
                <![CDATA[LegionCoffee]]>
              </value>
            </param>
            <param index="3">
              <value>
                <![CDATA[DEV]]>
              </value>
            </param>
          </params>
          <reporter-output>
          </reporter-output>
        </test-method> <!-- openBrowser -->
        <test-method status="PASS" signature="projectedSalesForecastDataAsStoreManagerTest(java.lang.String, java.lang.String, java.lang.String, java.lang.String)[pri:0, instance:com.legion.tests.core.ScheduleProjectedSalesTest@5c6648b0]" name="projectedSalesForecastDataAsStoreManagerTest" duration-ms="64507" started-at="2018-09-14T20:31:24Z" data-provider="browsers" finished-at="2018-09-14T20:32:29Z">
          <params>
            <param index="0">
              <value>
                <![CDATA[chrome]]>
              </value>
            </param>
            <param index="1">
              <value>
                <![CDATA[67.0.3396.99]]>
              </value>
            </param>
            <param index="2">
              <value>
                <![CDATA[LINUX]]>
              </value>
            </param>
            <param index="3">
              <value>
                <![CDATA[platform]]>
              </value>
            </param>
          </params>
          <reporter-output>
            <line>
              <![CDATA[Logged-in Successfully!]]>
            </line>
          </reporter-output>
        </test-method> <!-- projectedSalesForecastDataAsStoreManagerTest -->
        <test-method status="PASS" signature="closeBrowser(java.lang.reflect.Method)[pri:0, instance:com.legion.tests.core.ScheduleProjectedSalesTest@5c6648b0]" name="closeBrowser" is-config="true" duration-ms="0" started-at="2018-09-14T20:32:29Z" finished-at="2018-09-14T20:32:29Z">
          <params>
            <param index="0">
              <value>
                <![CDATA[public void com.legion.tests.core.ScheduleProjectedSalesTest.projectedSalesForecastDataAsStoreManagerTest(java.lang.String,java.lang.String,java.lang.String,java.lang.String) throws java.lang.Exception]]>
              </value>
            </param>
          </params>
          <reporter-output>
          </reporter-output>
        </test-method> <!-- closeBrowser -->
      </class> <!-- com.legion.tests.core.ScheduleProjectedSalesTest -->
    </test> <!-- LegionSampleTest -->
  </suite> <!-- LegionTest -->
</testng-results>
