<?xml version="1.0" encoding="UTF-8"?>
<!-- Generated by org.testng.reporters.JUnitXMLReporter -->
<testsuite hostname="LAPTOP-KFTQEU00" name="LegionSampleTest" tests="1" failures="1" timestamp="10 Sep 2018 15:50:19 GMT" time="55.744" errors="0">
  <testcase name="gotoAnalyticsPageTest" time="52.624" classname="com.legion.tests.core.AnalyticsTest">
    <failure type="java.lang.AssertionError" message="Analytics Team Member Satisfaction Section not Loaded Successfully!">
      <![CDATA[java.lang.AssertionError: Analytics Team Member Satisfaction Section not Loaded Successfully!
	at com.legion.pages.BasePage.fail(BasePage.java:189)
	at com.legion.pages.core.ConsoleAnalyticsPage.getTeamMemberSatisfaction(ConsoleAnalyticsPage.java:170)
	at com.legion.pages.core.ConsoleAnalyticsPage.gotoAnalyticsPage(ConsoleAnalyticsPage.java:89)
	at com.legion.tests.core.AnalyticsTest.gotoAnalyticsPageTest(AnalyticsTest.java:26)
	at java.util.concurrent.FutureTask.run(Unknown Source)
	at java.util.concurrent.Executors$RunnableAdapter.call(Unknown Source)
	at java.util.concurrent.FutureTask.run(Unknown Source)
	at java.util.concurrent.ThreadPoolExecutor.runWorker(Unknown Source)
	at java.util.concurrent.ThreadPoolExecutor$Worker.run(Unknown Source)
	at java.lang.Thread.run(Unknown Source)
... Removed 9 stack frames]]>
    </failure>
  </testcase> <!-- gotoAnalyticsPageTest -->
</testsuite> <!-- LegionSampleTest -->
