<?xml version="1.0" encoding="UTF-8"?>
<!-- Generated by org.testng.reporters.JUnitXMLReporter -->
<testsuite hostname="LAPTOP-KFTQEU00" name="LegionSampleTest" tests="1" failures="1" timestamp="14 Sep 2018 13:52:33 GMT" time="64.493" errors="0">
  <testcase name="gotoAnalyticsPageTest" time="61.435" classname="com.legion.tests.core.AnalyticsTest">
    <failure type="java.lang.AssertionError" message="Analytics Team Member Satisfaction Section not Loaded Successfully!">
      <![CDATA[java.lang.AssertionError: Analytics Team Member Satisfaction Section not Loaded Successfully!
	at com.legion.pages.BasePage.fail(BasePage.java:189)
	at com.legion.pages.core.ConsoleAnalyticsPage.getTeamMemberSatisfaction(ConsoleAnalyticsPage.java:170)
	at com.legion.pages.core.ConsoleAnalyticsPage.gotoAnalyticsPage(ConsoleAnalyticsPage.java:89)
	at com.legion.tests.core.AnalyticsTest.gotoAnalyticsPageTest(AnalyticsTest.java:26)
	at java.util.concurrent.FutureTask.run(FutureTask.java:266)
	at java.util.concurrent.Executors$RunnableAdapter.call(Executors.java:511)
	at java.util.concurrent.FutureTask.run(FutureTask.java:266)
	at java.util.concurrent.ThreadPoolExecutor.runWorker(ThreadPoolExecutor.java:1149)
	at java.util.concurrent.ThreadPoolExecutor$Worker.run(ThreadPoolExecutor.java:624)
	at java.lang.Thread.run(Thread.java:748)
... Removed 9 stack frames]]>
    </failure>
  </testcase> <!-- gotoAnalyticsPageTest -->
</testsuite> <!-- LegionSampleTest -->
